[2023-04-29 19:42:15,866] multiqc                                            [DEBUG  ]  This is MultiQC v1.14
[2023-04-29 19:42:15,866] multiqc                                            [DEBUG  ]  Command used: /home/uranus/.local/bin/multiqc --force --dirs --filename MultiQC-Report.html --outdir ../results/multiqc --export --interactive .
[2023-04-29 19:42:16,649] multiqc                                            [DEBUG  ]  Latest MultiQC version is v1.14
[2023-04-29 19:42:16,650] multiqc                                            [DEBUG  ]  Working dir : /home/uranus/QBio304 - Applied Bioinformatics/student-work/data
[2023-04-29 19:42:16,650] multiqc                                            [DEBUG  ]  Template    : default
[2023-04-29 19:42:16,650] multiqc                                            [DEBUG  ]  Running Python 3.10.6 (main, Mar 10 2023, 10:55:28) [GCC 11.3.0]
[2023-04-29 19:42:16,650] multiqc                                            [INFO   ]  Prepending directory to sample names
[2023-04-29 19:42:16,651] multiqc                                            [DEBUG  ]  Analysing modules: custom_content, ccs, ngsderive, purple, conpair, lima, peddy, somalier, methylQA, mosdepth, phantompeakqualtools, qualimap, preseq, hifiasm, quast, qorts, rna_seqc, rockhopper, rsem, rseqc, busco, bustools, goleft_indexcov, gffcompare, disambiguate, supernova, deeptools, sargasso, verifybamid, mirtrace, happy, mirtop, sambamba, gopeaks, homer, hops, macs2, theta2, snpeff, gatk, htseq, bcftools, featureCounts, fgbio, dragen, dragen_fastqc, dedup, pbmarkdup, damageprofiler, biobambam2, jcvi, mtnucratio, picard, vep, sentieon, prokka, qc3C, nanostat, samblaster, samtools, sexdeterrmine, eigenstratdatabasetools, bamtools, jellyfish, vcftools, longranger, stacks, varscan2, snippy, umitools, bbmap, bismark, biscuit, diamond, hicexplorer, hicup, hicpro, salmon, kallisto, slamdunk, star, hisat2, tophat, bowtie2, bowtie1, cellranger, snpsplit, odgi, pangolin, nextclade, humid, kat, leehom, adapterRemoval, bbduk, clipandmerge, cutadapt, flexbar, kaiju, kraken, malt, motus, trimmomatic, sickle, skewer, sortmerna, biobloomtools, fastq_screen, afterqc, fastp, fastqc, filtlong, prinseqplusplus, pychopper, porechop, pycoqc, minionqc, anglerfish, multivcfanalyzer, clusterflow, checkqc, bcl2fastq, bclconvert, interop, ivar, flash, seqyclean, optitype, whatshap
[2023-04-29 19:42:16,651] multiqc                                            [DEBUG  ]  Using temporary directory for creating report: /tmp/tmp8y834oen
[2023-04-29 19:42:16,738] multiqc                                            [INFO   ]  Search path : /home/uranus/QBio304 - Applied Bioinformatics/student-work/data
[2023-04-29 19:42:28,551] multiqc                                            [DEBUG  ]  Summary of files that were skipped by the search: [skipped_module_specific_max_filesize: 1092] // [skipped_no_match: 236] // [skipped_ignore_pattern: 108] // [skipped_filesize_limit: 7]
[2023-04-29 19:42:29,009] multiqc.plots.bargraph                             [DEBUG  ]  Using matplotlib version 3.5.1
[2023-04-29 19:42:29,010] multiqc.plots.linegraph                            [DEBUG  ]  Using matplotlib version 3.5.1
[2023-04-29 19:42:29,011] multiqc                                            [DEBUG  ]  No samples found: custom_content
[2023-04-29 19:42:29,016] multiqc.modules.kallisto.kallisto                  [INFO   ]  Found 18 reports
[2023-04-29 19:42:29,938] multiqc.modules.trimmomatic.trimmomatic            [INFO   ]  Found 18 logs
[2023-04-29 19:42:30,948] multiqc.modules.fastqc.fastqc                      [DEBUG  ]  Duplicate sample name found! Overwriting: CRR240988_r2
[2023-04-29 19:42:31,021] multiqc.modules.fastqc.fastqc                      [DEBUG  ]  Duplicate sample name found! Overwriting: CRR240980_r2
[2023-04-29 19:42:31,047] multiqc.modules.fastqc.fastqc                      [DEBUG  ]  Duplicate sample name found! Overwriting: CRR240978_r2
[2023-04-29 19:42:31,096] multiqc.modules.fastqc.fastqc                      [DEBUG  ]  Skipping 'CRR240981_f1_fastqc.zip' as already parsed 'CRR240981_f1'
[2023-04-29 19:42:31,124] multiqc.modules.fastqc.fastqc                      [DEBUG  ]  Duplicate sample name found! Overwriting: CRR240977_r2
[2023-04-29 19:42:31,175] multiqc.modules.fastqc.fastqc                      [DEBUG  ]  Skipping 'CRR240985_r2_fastqc.zip' as already parsed 'CRR240985_r2'
[2023-04-29 19:42:31,189] multiqc.modules.fastqc.fastqc                      [DEBUG  ]  Skipping 'CRR240976_f1_fastqc.zip' as already parsed 'CRR240976_f1'
[2023-04-29 19:42:31,192] multiqc.modules.fastqc.fastqc                      [DEBUG  ]  Duplicate sample name found! Overwriting: CRR240983_r2
[2023-04-29 19:42:31,201] multiqc.modules.fastqc.fastqc                      [DEBUG  ]  Skipping 'CRR240987_r2_fastqc.zip' as already parsed 'CRR240987_r2'
[2023-04-29 19:42:31,217] multiqc.modules.fastqc.fastqc                      [DEBUG  ]  Duplicate sample name found! Overwriting: CRR240977_f1
[2023-04-29 19:42:31,303] multiqc.modules.fastqc.fastqc                      [DEBUG  ]  Skipping 'CRR240982_f1_fastqc.zip' as already parsed 'CRR240982_f1'
[2023-04-29 19:42:31,306] multiqc.modules.fastqc.fastqc                      [DEBUG  ]  Duplicate sample name found! Overwriting: CRR240980_f1
[2023-04-29 19:42:31,316] multiqc.modules.fastqc.fastqc                      [DEBUG  ]  Skipping 'CRR240978_f1_fastqc.zip' as already parsed 'CRR240978_f1'
[2023-04-29 19:42:31,319] multiqc.modules.fastqc.fastqc                      [DEBUG  ]  Duplicate sample name found! Overwriting: CRR240991_r2
[2023-04-29 19:42:31,329] multiqc.modules.fastqc.fastqc                      [DEBUG  ]  Skipping 'CRR240981_r2_fastqc.zip' as already parsed 'CRR240981_r2'
[2023-04-29 19:42:31,329] multiqc.modules.fastqc.fastqc                      [DEBUG  ]  Skipping 'CRR240984_r2_fastqc.zip' as already parsed 'CRR240984_r2'
[2023-04-29 19:42:31,329] multiqc.modules.fastqc.fastqc                      [DEBUG  ]  Skipping 'CRR240986_r2_fastqc.zip' as already parsed 'CRR240986_r2'
[2023-04-29 19:42:31,332] multiqc.modules.fastqc.fastqc                      [DEBUG  ]  Duplicate sample name found! Overwriting: CRR240988_f1
[2023-04-29 19:42:31,376] multiqc.modules.fastqc.fastqc                      [DEBUG  ]  Duplicate sample name found! Overwriting: CRR240992_f1
[2023-04-29 19:42:31,385] multiqc.modules.fastqc.fastqc                      [DEBUG  ]  Skipping 'CRR240987_f1_fastqc.zip' as already parsed 'CRR240987_f1'
[2023-04-29 19:42:31,402] multiqc.modules.fastqc.fastqc                      [DEBUG  ]  Duplicate sample name found! Overwriting: CRR240984_f1
[2023-04-29 19:42:31,412] multiqc.modules.fastqc.fastqc                      [DEBUG  ]  Skipping 'CRR240989_f1_fastqc.zip' as already parsed 'CRR240989_f1'
[2023-04-29 19:42:31,415] multiqc.modules.fastqc.fastqc                      [DEBUG  ]  Duplicate sample name found! Overwriting: CRR240993_r2
[2023-04-29 19:42:31,441] multiqc.modules.fastqc.fastqc                      [DEBUG  ]  Duplicate sample name found! Overwriting: CRR240979_f1
[2023-04-29 19:42:31,455] multiqc.modules.fastqc.fastqc                      [DEBUG  ]  Duplicate sample name found! Overwriting: CRR240979_r2
[2023-04-29 19:42:31,468] multiqc.modules.fastqc.fastqc                      [DEBUG  ]  Duplicate sample name found! Overwriting: CRR240990_f1
[2023-04-29 19:42:31,477] multiqc.modules.fastqc.fastqc                      [DEBUG  ]  Skipping 'CRR240983_f1_fastqc.zip' as already parsed 'CRR240983_f1'
[2023-04-29 19:42:31,478] multiqc.modules.fastqc.fastqc                      [DEBUG  ]  Skipping 'CRR240982_r2_fastqc.zip' as already parsed 'CRR240982_r2'
[2023-04-29 19:42:31,492] multiqc.modules.fastqc.fastqc                      [DEBUG  ]  Skipping 'CRR240990_r2_fastqc.zip' as already parsed 'CRR240990_r2'
[2023-04-29 19:42:31,492] multiqc.modules.fastqc.fastqc                      [DEBUG  ]  Skipping 'CRR240976_r2_fastqc.zip' as already parsed 'CRR240976_r2'
[2023-04-29 19:42:31,509] multiqc.modules.fastqc.fastqc                      [DEBUG  ]  Duplicate sample name found! Overwriting: CRR240991_f1
[2023-04-29 19:42:31,521] multiqc.modules.fastqc.fastqc                      [DEBUG  ]  Duplicate sample name found! Overwriting: CRR240992_r2
[2023-04-29 19:42:31,531] multiqc.modules.fastqc.fastqc                      [DEBUG  ]  Skipping 'CRR240993_f1_fastqc.zip' as already parsed 'CRR240993_f1'
[2023-04-29 19:42:31,534] multiqc.modules.fastqc.fastqc                      [DEBUG  ]  Duplicate sample name found! Overwriting: CRR240985_f1
[2023-04-29 19:42:31,546] multiqc.modules.fastqc.fastqc                      [DEBUG  ]  Duplicate sample name found! Overwriting: CRR240989_r2
[2023-04-29 19:42:31,560] multiqc.modules.fastqc.fastqc                      [DEBUG  ]  Duplicate sample name found! Overwriting: CRR240986_f1
[2023-04-29 19:42:31,570] multiqc.modules.fastqc.fastqc                      [INFO   ]  Found 36 reports
[2023-04-29 19:42:36,502] multiqc                                            [INFO   ]  Compressing plot data
[2023-04-29 19:42:36,753] multiqc                                            [INFO   ]  Report      : ../results/multiqc/MultiQC-Report.html
[2023-04-29 19:42:36,753] multiqc                                            [INFO   ]  Data        : ../results/multiqc/MultiQC-Report_data
[2023-04-29 19:42:36,753] multiqc                                            [DEBUG  ]  Moving data file from '/tmp/tmp8y834oen/multiqc_data' to '../results/multiqc/MultiQC-Report_data'
[2023-04-29 19:42:36,759] multiqc                                            [INFO   ]  Plots       : ../results/multiqc/MultiQC-Report_plots
[2023-04-29 19:42:36,759] multiqc                                            [DEBUG  ]  Moving plots directory from '/tmp/tmp8y834oen/multiqc_plots' to '../results/multiqc/MultiQC-Report_plots'
[2023-04-29 19:42:36,828] multiqc                                            [INFO   ]  MultiQC complete
