Picked up _JAVA_OPTIONS: -Xmx24g
TrimmomaticPE: Started with arguments:
 -threads 8 /home/uranus/QBio304 - Applied Bioinformatics/student-work/scripts/../data/CRR240976_f1.fastq.gz /home/uranus/QBio304 - Applied Bioinformatics/student-work/scripts/../data/CRR240976_r2.fastq.gz /home/uranus/QBio304 - Applied Bioinformatics/student-work/scripts/../data/CRR240976_f1.trim.p.fastq.gz /home/uranus/QBio304 - Applied Bioinformatics/student-work/scripts/../data/CRR240976_f1.trim.u.fastq.gz /home/uranus/QBio304 - Applied Bioinformatics/student-work/scripts/../data/CRR240976_r2.trim.p.fastq.gz /home/uranus/QBio304 - Applied Bioinformatics/student-work/scripts/../data/CRR240976_r2.trim.u.fastq.gz ILLUMINACLIP:adapters/TruSeq3-PE.fa:2:30:10:2:True HEADCROP:12 LEADING:3 TRAILING:3 SLIDINGWINDOW:4:15 MINLEN:100
Using PrefixPair: 'TACACTCTTTCCCTACACGACGCTCTTCCGATCT' and 'GTGACTGGAGTTCAGACGTGTGCTCTTCCGATCT'
ILLUMINACLIP: Using 1 prefix pairs, 0 forward/reverse sequences, 0 forward only sequences, 0 reverse only sequences
Quality encoding detected as phred33
Input Read Pairs: 26550050 Both Surviving: 24754289 (93.24%) Forward Only Surviving: 977079 (3.68%) Reverse Only Surviving: 497986 (1.88%) Dropped: 320696 (1.21%)
TrimmomaticPE: Completed successfully
Picked up _JAVA_OPTIONS: -Xmx24g
TrimmomaticPE: Started with arguments:
 -threads 8 /home/uranus/QBio304 - Applied Bioinformatics/student-work/scripts/../data/CRR240977_f1.fastq.gz /home/uranus/QBio304 - Applied Bioinformatics/student-work/scripts/../data/CRR240977_r2.fastq.gz /home/uranus/QBio304 - Applied Bioinformatics/student-work/scripts/../data/CRR240977_f1.trim.p.fastq.gz /home/uranus/QBio304 - Applied Bioinformatics/student-work/scripts/../data/CRR240977_f1.trim.u.fastq.gz /home/uranus/QBio304 - Applied Bioinformatics/student-work/scripts/../data/CRR240977_r2.trim.p.fastq.gz /home/uranus/QBio304 - Applied Bioinformatics/student-work/scripts/../data/CRR240977_r2.trim.u.fastq.gz ILLUMINACLIP:adapters/TruSeq3-PE.fa:2:30:10:2:True HEADCROP:12 LEADING:3 TRAILING:3 SLIDINGWINDOW:4:15 MINLEN:100
Using PrefixPair: 'TACACTCTTTCCCTACACGACGCTCTTCCGATCT' and 'GTGACTGGAGTTCAGACGTGTGCTCTTCCGATCT'
ILLUMINACLIP: Using 1 prefix pairs, 0 forward/reverse sequences, 0 forward only sequences, 0 reverse only sequences
Quality encoding detected as phred33
Input Read Pairs: 27483610 Both Surviving: 25602707 (93.16%) Forward Only Surviving: 1058951 (3.85%) Reverse Only Surviving: 491718 (1.79%) Dropped: 330234 (1.20%)
TrimmomaticPE: Completed successfully
Picked up _JAVA_OPTIONS: -Xmx24g
TrimmomaticPE: Started with arguments:
 -threads 8 /home/uranus/QBio304 - Applied Bioinformatics/student-work/scripts/../data/CRR240978_f1.fastq.gz /home/uranus/QBio304 - Applied Bioinformatics/student-work/scripts/../data/CRR240978_r2.fastq.gz /home/uranus/QBio304 - Applied Bioinformatics/student-work/scripts/../data/CRR240978_f1.trim.p.fastq.gz /home/uranus/QBio304 - Applied Bioinformatics/student-work/scripts/../data/CRR240978_f1.trim.u.fastq.gz /home/uranus/QBio304 - Applied Bioinformatics/student-work/scripts/../data/CRR240978_r2.trim.p.fastq.gz /home/uranus/QBio304 - Applied Bioinformatics/student-work/scripts/../data/CRR240978_r2.trim.u.fastq.gz ILLUMINACLIP:adapters/TruSeq3-PE.fa:2:30:10:2:True HEADCROP:12 LEADING:3 TRAILING:3 SLIDINGWINDOW:4:15 MINLEN:100
Using PrefixPair: 'TACACTCTTTCCCTACACGACGCTCTTCCGATCT' and 'GTGACTGGAGTTCAGACGTGTGCTCTTCCGATCT'
ILLUMINACLIP: Using 1 prefix pairs, 0 forward/reverse sequences, 0 forward only sequences, 0 reverse only sequences
Quality encoding detected as phred33
Input Read Pairs: 22154962 Both Surviving: 20621916 (93.08%) Forward Only Surviving: 876991 (3.96%) Reverse Only Surviving: 388240 (1.75%) Dropped: 267815 (1.21%)
TrimmomaticPE: Completed successfully
Picked up _JAVA_OPTIONS: -Xmx24g
TrimmomaticPE: Started with arguments:
 -threads 8 /home/uranus/QBio304 - Applied Bioinformatics/student-work/scripts/../data/CRR240979_f1.fastq.gz /home/uranus/QBio304 - Applied Bioinformatics/student-work/scripts/../data/CRR240979_r2.fastq.gz /home/uranus/QBio304 - Applied Bioinformatics/student-work/scripts/../data/CRR240979_f1.trim.p.fastq.gz /home/uranus/QBio304 - Applied Bioinformatics/student-work/scripts/../data/CRR240979_f1.trim.u.fastq.gz /home/uranus/QBio304 - Applied Bioinformatics/student-work/scripts/../data/CRR240979_r2.trim.p.fastq.gz /home/uranus/QBio304 - Applied Bioinformatics/student-work/scripts/../data/CRR240979_r2.trim.u.fastq.gz ILLUMINACLIP:adapters/TruSeq3-PE.fa:2:30:10:2:True HEADCROP:12 LEADING:3 TRAILING:3 SLIDINGWINDOW:4:15 MINLEN:100
Using PrefixPair: 'TACACTCTTTCCCTACACGACGCTCTTCCGATCT' and 'GTGACTGGAGTTCAGACGTGTGCTCTTCCGATCT'
ILLUMINACLIP: Using 1 prefix pairs, 0 forward/reverse sequences, 0 forward only sequences, 0 reverse only sequences
Quality encoding detected as phred33
Input Read Pairs: 21691338 Both Surviving: 20249745 (93.35%) Forward Only Surviving: 769182 (3.55%) Reverse Only Surviving: 414414 (1.91%) Dropped: 257997 (1.19%)
TrimmomaticPE: Completed successfully
Picked up _JAVA_OPTIONS: -Xmx24g
TrimmomaticPE: Started with arguments:
 -threads 8 /home/uranus/QBio304 - Applied Bioinformatics/student-work/scripts/../data/CRR240980_f1.fastq.gz /home/uranus/QBio304 - Applied Bioinformatics/student-work/scripts/../data/CRR240980_r2.fastq.gz /home/uranus/QBio304 - Applied Bioinformatics/student-work/scripts/../data/CRR240980_f1.trim.p.fastq.gz /home/uranus/QBio304 - Applied Bioinformatics/student-work/scripts/../data/CRR240980_f1.trim.u.fastq.gz /home/uranus/QBio304 - Applied Bioinformatics/student-work/scripts/../data/CRR240980_r2.trim.p.fastq.gz /home/uranus/QBio304 - Applied Bioinformatics/student-work/scripts/../data/CRR240980_r2.trim.u.fastq.gz ILLUMINACLIP:adapters/TruSeq3-PE.fa:2:30:10:2:True HEADCROP:12 LEADING:3 TRAILING:3 SLIDINGWINDOW:4:15 MINLEN:100
Using PrefixPair: 'TACACTCTTTCCCTACACGACGCTCTTCCGATCT' and 'GTGACTGGAGTTCAGACGTGTGCTCTTCCGATCT'
ILLUMINACLIP: Using 1 prefix pairs, 0 forward/reverse sequences, 0 forward only sequences, 0 reverse only sequences
Quality encoding detected as phred33
Input Read Pairs: 22115769 Both Surviving: 20618994 (93.23%) Forward Only Surviving: 882873 (3.99%) Reverse Only Surviving: 357883 (1.62%) Dropped: 256019 (1.16%)
TrimmomaticPE: Completed successfully
Picked up _JAVA_OPTIONS: -Xmx24g
TrimmomaticPE: Started with arguments:
 -threads 8 /home/uranus/QBio304 - Applied Bioinformatics/student-work/scripts/../data/CRR240981_f1.fastq.gz /home/uranus/QBio304 - Applied Bioinformatics/student-work/scripts/../data/CRR240981_r2.fastq.gz /home/uranus/QBio304 - Applied Bioinformatics/student-work/scripts/../data/CRR240981_f1.trim.p.fastq.gz /home/uranus/QBio304 - Applied Bioinformatics/student-work/scripts/../data/CRR240981_f1.trim.u.fastq.gz /home/uranus/QBio304 - Applied Bioinformatics/student-work/scripts/../data/CRR240981_r2.trim.p.fastq.gz /home/uranus/QBio304 - Applied Bioinformatics/student-work/scripts/../data/CRR240981_r2.trim.u.fastq.gz ILLUMINACLIP:adapters/TruSeq3-PE.fa:2:30:10:2:True HEADCROP:12 LEADING:3 TRAILING:3 SLIDINGWINDOW:4:15 MINLEN:100
Using PrefixPair: 'TACACTCTTTCCCTACACGACGCTCTTCCGATCT' and 'GTGACTGGAGTTCAGACGTGTGCTCTTCCGATCT'
ILLUMINACLIP: Using 1 prefix pairs, 0 forward/reverse sequences, 0 forward only sequences, 0 reverse only sequences
Quality encoding detected as phred33
Input Read Pairs: 22688076 Both Surviving: 20591736 (90.76%) Forward Only Surviving: 1001661 (4.41%) Reverse Only Surviving: 669207 (2.95%) Dropped: 425472 (1.88%)
TrimmomaticPE: Completed successfully
Picked up _JAVA_OPTIONS: -Xmx24g
TrimmomaticPE: Started with arguments:
 -threads 8 /home/uranus/QBio304 - Applied Bioinformatics/student-work/scripts/../data/CRR240982_f1.fastq.gz /home/uranus/QBio304 - Applied Bioinformatics/student-work/scripts/../data/CRR240982_r2.fastq.gz /home/uranus/QBio304 - Applied Bioinformatics/student-work/scripts/../data/CRR240982_f1.trim.p.fastq.gz /home/uranus/QBio304 - Applied Bioinformatics/student-work/scripts/../data/CRR240982_f1.trim.u.fastq.gz /home/uranus/QBio304 - Applied Bioinformatics/student-work/scripts/../data/CRR240982_r2.trim.p.fastq.gz /home/uranus/QBio304 - Applied Bioinformatics/student-work/scripts/../data/CRR240982_r2.trim.u.fastq.gz ILLUMINACLIP:adapters/TruSeq3-PE.fa:2:30:10:2:True HEADCROP:12 LEADING:3 TRAILING:3 SLIDINGWINDOW:4:15 MINLEN:100
Using PrefixPair: 'TACACTCTTTCCCTACACGACGCTCTTCCGATCT' and 'GTGACTGGAGTTCAGACGTGTGCTCTTCCGATCT'
ILLUMINACLIP: Using 1 prefix pairs, 0 forward/reverse sequences, 0 forward only sequences, 0 reverse only sequences
Quality encoding detected as phred33
Input Read Pairs: 22969595 Both Surviving: 20794246 (90.53%) Forward Only Surviving: 1111508 (4.84%) Reverse Only Surviving: 625159 (2.72%) Dropped: 438682 (1.91%)
TrimmomaticPE: Completed successfully
Picked up _JAVA_OPTIONS: -Xmx24g
TrimmomaticPE: Started with arguments:
 -threads 8 /home/uranus/QBio304 - Applied Bioinformatics/student-work/scripts/../data/CRR240983_f1.fastq.gz /home/uranus/QBio304 - Applied Bioinformatics/student-work/scripts/../data/CRR240983_r2.fastq.gz /home/uranus/QBio304 - Applied Bioinformatics/student-work/scripts/../data/CRR240983_f1.trim.p.fastq.gz /home/uranus/QBio304 - Applied Bioinformatics/student-work/scripts/../data/CRR240983_f1.trim.u.fastq.gz /home/uranus/QBio304 - Applied Bioinformatics/student-work/scripts/../data/CRR240983_r2.trim.p.fastq.gz /home/uranus/QBio304 - Applied Bioinformatics/student-work/scripts/../data/CRR240983_r2.trim.u.fastq.gz ILLUMINACLIP:adapters/TruSeq3-PE.fa:2:30:10:2:True HEADCROP:12 LEADING:3 TRAILING:3 SLIDINGWINDOW:4:15 MINLEN:100
Using PrefixPair: 'TACACTCTTTCCCTACACGACGCTCTTCCGATCT' and 'GTGACTGGAGTTCAGACGTGTGCTCTTCCGATCT'
ILLUMINACLIP: Using 1 prefix pairs, 0 forward/reverse sequences, 0 forward only sequences, 0 reverse only sequences
Quality encoding detected as phred33
Input Read Pairs: 23224610 Both Surviving: 21519945 (92.66%) Forward Only Surviving: 1013536 (4.36%) Reverse Only Surviving: 398770 (1.72%) Dropped: 292359 (1.26%)
TrimmomaticPE: Completed successfully
Picked up _JAVA_OPTIONS: -Xmx24g
TrimmomaticPE: Started with arguments:
 -threads 8 /home/uranus/QBio304 - Applied Bioinformatics/student-work/scripts/../data/CRR240984_f1.fastq.gz /home/uranus/QBio304 - Applied Bioinformatics/student-work/scripts/../data/CRR240984_r2.fastq.gz /home/uranus/QBio304 - Applied Bioinformatics/student-work/scripts/../data/CRR240984_f1.trim.p.fastq.gz /home/uranus/QBio304 - Applied Bioinformatics/student-work/scripts/../data/CRR240984_f1.trim.u.fastq.gz /home/uranus/QBio304 - Applied Bioinformatics/student-work/scripts/../data/CRR240984_r2.trim.p.fastq.gz /home/uranus/QBio304 - Applied Bioinformatics/student-work/scripts/../data/CRR240984_r2.trim.u.fastq.gz ILLUMINACLIP:adapters/TruSeq3-PE.fa:2:30:10:2:True HEADCROP:12 LEADING:3 TRAILING:3 SLIDINGWINDOW:4:15 MINLEN:100
Using PrefixPair: 'TACACTCTTTCCCTACACGACGCTCTTCCGATCT' and 'GTGACTGGAGTTCAGACGTGTGCTCTTCCGATCT'
ILLUMINACLIP: Using 1 prefix pairs, 0 forward/reverse sequences, 0 forward only sequences, 0 reverse only sequences
Quality encoding detected as phred33
Input Read Pairs: 24622291 Both Surviving: 22723872 (92.29%) Forward Only Surviving: 1136512 (4.62%) Reverse Only Surviving: 433342 (1.76%) Dropped: 328565 (1.33%)
TrimmomaticPE: Completed successfully
Picked up _JAVA_OPTIONS: -Xmx24g
TrimmomaticPE: Started with arguments:
 -threads 8 /home/uranus/QBio304 - Applied Bioinformatics/student-work/scripts/../data/CRR240985_f1.fastq.gz /home/uranus/QBio304 - Applied Bioinformatics/student-work/scripts/../data/CRR240985_r2.fastq.gz /home/uranus/QBio304 - Applied Bioinformatics/student-work/scripts/../data/CRR240985_f1.trim.p.fastq.gz /home/uranus/QBio304 - Applied Bioinformatics/student-work/scripts/../data/CRR240985_f1.trim.u.fastq.gz /home/uranus/QBio304 - Applied Bioinformatics/student-work/scripts/../data/CRR240985_r2.trim.p.fastq.gz /home/uranus/QBio304 - Applied Bioinformatics/student-work/scripts/../data/CRR240985_r2.trim.u.fastq.gz ILLUMINACLIP:adapters/TruSeq3-PE.fa:2:30:10:2:True HEADCROP:12 LEADING:3 TRAILING:3 SLIDINGWINDOW:4:15 MINLEN:100
Using PrefixPair: 'TACACTCTTTCCCTACACGACGCTCTTCCGATCT' and 'GTGACTGGAGTTCAGACGTGTGCTCTTCCGATCT'
ILLUMINACLIP: Using 1 prefix pairs, 0 forward/reverse sequences, 0 forward only sequences, 0 reverse only sequences
Quality encoding detected as phred33
Input Read Pairs: 27849875 Both Surviving: 25262702 (90.71%) Forward Only Surviving: 1287419 (4.62%) Reverse Only Surviving: 776722 (2.79%) Dropped: 523032 (1.88%)
TrimmomaticPE: Completed successfully
Picked up _JAVA_OPTIONS: -Xmx24g
TrimmomaticPE: Started with arguments:
 -threads 8 /home/uranus/QBio304 - Applied Bioinformatics/student-work/scripts/../data/CRR240986_f1.fastq.gz /home/uranus/QBio304 - Applied Bioinformatics/student-work/scripts/../data/CRR240986_r2.fastq.gz /home/uranus/QBio304 - Applied Bioinformatics/student-work/scripts/../data/CRR240986_f1.trim.p.fastq.gz /home/uranus/QBio304 - Applied Bioinformatics/student-work/scripts/../data/CRR240986_f1.trim.u.fastq.gz /home/uranus/QBio304 - Applied Bioinformatics/student-work/scripts/../data/CRR240986_r2.trim.p.fastq.gz /home/uranus/QBio304 - Applied Bioinformatics/student-work/scripts/../data/CRR240986_r2.trim.u.fastq.gz ILLUMINACLIP:adapters/TruSeq3-PE.fa:2:30:10:2:True HEADCROP:12 LEADING:3 TRAILING:3 SLIDINGWINDOW:4:15 MINLEN:100
Using PrefixPair: 'TACACTCTTTCCCTACACGACGCTCTTCCGATCT' and 'GTGACTGGAGTTCAGACGTGTGCTCTTCCGATCT'
ILLUMINACLIP: Using 1 prefix pairs, 0 forward/reverse sequences, 0 forward only sequences, 0 reverse only sequences
Quality encoding detected as phred33
Input Read Pairs: 29600090 Both Surviving: 27268943 (92.12%) Forward Only Surviving: 1351501 (4.57%) Reverse Only Surviving: 560318 (1.89%) Dropped: 419328 (1.42%)
TrimmomaticPE: Completed successfully
Picked up _JAVA_OPTIONS: -Xmx24g
TrimmomaticPE: Started with arguments:
 -threads 8 /home/uranus/QBio304 - Applied Bioinformatics/student-work/scripts/../data/CRR240987_f1.fastq.gz /home/uranus/QBio304 - Applied Bioinformatics/student-work/scripts/../data/CRR240987_r2.fastq.gz /home/uranus/QBio304 - Applied Bioinformatics/student-work/scripts/../data/CRR240987_f1.trim.p.fastq.gz /home/uranus/QBio304 - Applied Bioinformatics/student-work/scripts/../data/CRR240987_f1.trim.u.fastq.gz /home/uranus/QBio304 - Applied Bioinformatics/student-work/scripts/../data/CRR240987_r2.trim.p.fastq.gz /home/uranus/QBio304 - Applied Bioinformatics/student-work/scripts/../data/CRR240987_r2.trim.u.fastq.gz ILLUMINACLIP:adapters/TruSeq3-PE.fa:2:30:10:2:True HEADCROP:12 LEADING:3 TRAILING:3 SLIDINGWINDOW:4:15 MINLEN:100
Using PrefixPair: 'TACACTCTTTCCCTACACGACGCTCTTCCGATCT' and 'GTGACTGGAGTTCAGACGTGTGCTCTTCCGATCT'
ILLUMINACLIP: Using 1 prefix pairs, 0 forward/reverse sequences, 0 forward only sequences, 0 reverse only sequences
Quality encoding detected as phred33
Input Read Pairs: 30706772 Both Surviving: 28312283 (92.20%) Forward Only Surviving: 1368078 (4.46%) Reverse Only Surviving: 592430 (1.93%) Dropped: 433981 (1.41%)
TrimmomaticPE: Completed successfully
Picked up _JAVA_OPTIONS: -Xmx24g
TrimmomaticPE: Started with arguments:
 -threads 8 /home/uranus/QBio304 - Applied Bioinformatics/student-work/scripts/../data/CRR240988_f1.fastq.gz /home/uranus/QBio304 - Applied Bioinformatics/student-work/scripts/../data/CRR240988_r2.fastq.gz /home/uranus/QBio304 - Applied Bioinformatics/student-work/scripts/../data/CRR240988_f1.trim.p.fastq.gz /home/uranus/QBio304 - Applied Bioinformatics/student-work/scripts/../data/CRR240988_f1.trim.u.fastq.gz /home/uranus/QBio304 - Applied Bioinformatics/student-work/scripts/../data/CRR240988_r2.trim.p.fastq.gz /home/uranus/QBio304 - Applied Bioinformatics/student-work/scripts/../data/CRR240988_r2.trim.u.fastq.gz ILLUMINACLIP:adapters/TruSeq3-PE.fa:2:30:10:2:True HEADCROP:12 LEADING:3 TRAILING:3 SLIDINGWINDOW:4:15 MINLEN:100
Using PrefixPair: 'TACACTCTTTCCCTACACGACGCTCTTCCGATCT' and 'GTGACTGGAGTTCAGACGTGTGCTCTTCCGATCT'
ILLUMINACLIP: Using 1 prefix pairs, 0 forward/reverse sequences, 0 forward only sequences, 0 reverse only sequences
Quality encoding detected as phred33
Input Read Pairs: 21995599 Both Surviving: 20026695 (91.05%) Forward Only Surviving: 1158320 (5.27%) Reverse Only Surviving: 456651 (2.08%) Dropped: 353933 (1.61%)
TrimmomaticPE: Completed successfully
Picked up _JAVA_OPTIONS: -Xmx24g
TrimmomaticPE: Started with arguments:
 -threads 8 /home/uranus/QBio304 - Applied Bioinformatics/student-work/scripts/../data/CRR240989_f1.fastq.gz /home/uranus/QBio304 - Applied Bioinformatics/student-work/scripts/../data/CRR240989_r2.fastq.gz /home/uranus/QBio304 - Applied Bioinformatics/student-work/scripts/../data/CRR240989_f1.trim.p.fastq.gz /home/uranus/QBio304 - Applied Bioinformatics/student-work/scripts/../data/CRR240989_f1.trim.u.fastq.gz /home/uranus/QBio304 - Applied Bioinformatics/student-work/scripts/../data/CRR240989_r2.trim.p.fastq.gz /home/uranus/QBio304 - Applied Bioinformatics/student-work/scripts/../data/CRR240989_r2.trim.u.fastq.gz ILLUMINACLIP:adapters/TruSeq3-PE.fa:2:30:10:2:True HEADCROP:12 LEADING:3 TRAILING:3 SLIDINGWINDOW:4:15 MINLEN:100
Using PrefixPair: 'TACACTCTTTCCCTACACGACGCTCTTCCGATCT' and 'GTGACTGGAGTTCAGACGTGTGCTCTTCCGATCT'
ILLUMINACLIP: Using 1 prefix pairs, 0 forward/reverse sequences, 0 forward only sequences, 0 reverse only sequences
Quality encoding detected as phred33
Input Read Pairs: 20166961 Both Surviving: 18679055 (92.62%) Forward Only Surviving: 829422 (4.11%) Reverse Only Surviving: 394772 (1.96%) Dropped: 263712 (1.31%)
TrimmomaticPE: Completed successfully
Picked up _JAVA_OPTIONS: -Xmx24g
TrimmomaticPE: Started with arguments:
 -threads 8 /home/uranus/QBio304 - Applied Bioinformatics/student-work/scripts/../data/CRR240990_f1.fastq.gz /home/uranus/QBio304 - Applied Bioinformatics/student-work/scripts/../data/CRR240990_r2.fastq.gz /home/uranus/QBio304 - Applied Bioinformatics/student-work/scripts/../data/CRR240990_f1.trim.p.fastq.gz /home/uranus/QBio304 - Applied Bioinformatics/student-work/scripts/../data/CRR240990_f1.trim.u.fastq.gz /home/uranus/QBio304 - Applied Bioinformatics/student-work/scripts/../data/CRR240990_r2.trim.p.fastq.gz /home/uranus/QBio304 - Applied Bioinformatics/student-work/scripts/../data/CRR240990_r2.trim.u.fastq.gz ILLUMINACLIP:adapters/TruSeq3-PE.fa:2:30:10:2:True HEADCROP:12 LEADING:3 TRAILING:3 SLIDINGWINDOW:4:15 MINLEN:100
Using PrefixPair: 'TACACTCTTTCCCTACACGACGCTCTTCCGATCT' and 'GTGACTGGAGTTCAGACGTGTGCTCTTCCGATCT'
ILLUMINACLIP: Using 1 prefix pairs, 0 forward/reverse sequences, 0 forward only sequences, 0 reverse only sequences
Quality encoding detected as phred33
Input Read Pairs: 24953356 Both Surviving: 23274848 (93.27%) Forward Only Surviving: 937000 (3.76%) Reverse Only Surviving: 445002 (1.78%) Dropped: 296506 (1.19%)
TrimmomaticPE: Completed successfully
Picked up _JAVA_OPTIONS: -Xmx24g
TrimmomaticPE: Started with arguments:
 -threads 8 /home/uranus/QBio304 - Applied Bioinformatics/student-work/scripts/../data/CRR240991_f1.fastq.gz /home/uranus/QBio304 - Applied Bioinformatics/student-work/scripts/../data/CRR240991_r2.fastq.gz /home/uranus/QBio304 - Applied Bioinformatics/student-work/scripts/../data/CRR240991_f1.trim.p.fastq.gz /home/uranus/QBio304 - Applied Bioinformatics/student-work/scripts/../data/CRR240991_f1.trim.u.fastq.gz /home/uranus/QBio304 - Applied Bioinformatics/student-work/scripts/../data/CRR240991_r2.trim.p.fastq.gz /home/uranus/QBio304 - Applied Bioinformatics/student-work/scripts/../data/CRR240991_r2.trim.u.fastq.gz ILLUMINACLIP:adapters/TruSeq3-PE.fa:2:30:10:2:True HEADCROP:12 LEADING:3 TRAILING:3 SLIDINGWINDOW:4:15 MINLEN:100
Using PrefixPair: 'TACACTCTTTCCCTACACGACGCTCTTCCGATCT' and 'GTGACTGGAGTTCAGACGTGTGCTCTTCCGATCT'
ILLUMINACLIP: Using 1 prefix pairs, 0 forward/reverse sequences, 0 forward only sequences, 0 reverse only sequences
Quality encoding detected as phred33
Input Read Pairs: 23683666 Both Surviving: 22007277 (92.92%) Forward Only Surviving: 982747 (4.15%) Reverse Only Surviving: 398602 (1.68%) Dropped: 295040 (1.25%)
TrimmomaticPE: Completed successfully
Picked up _JAVA_OPTIONS: -Xmx24g
TrimmomaticPE: Started with arguments:
 -threads 8 /home/uranus/QBio304 - Applied Bioinformatics/student-work/scripts/../data/CRR240992_f1.fastq.gz /home/uranus/QBio304 - Applied Bioinformatics/student-work/scripts/../data/CRR240992_r2.fastq.gz /home/uranus/QBio304 - Applied Bioinformatics/student-work/scripts/../data/CRR240992_f1.trim.p.fastq.gz /home/uranus/QBio304 - Applied Bioinformatics/student-work/scripts/../data/CRR240992_f1.trim.u.fastq.gz /home/uranus/QBio304 - Applied Bioinformatics/student-work/scripts/../data/CRR240992_r2.trim.p.fastq.gz /home/uranus/QBio304 - Applied Bioinformatics/student-work/scripts/../data/CRR240992_r2.trim.u.fastq.gz ILLUMINACLIP:adapters/TruSeq3-PE.fa:2:30:10:2:True HEADCROP:12 LEADING:3 TRAILING:3 SLIDINGWINDOW:4:15 MINLEN:100
Using PrefixPair: 'TACACTCTTTCCCTACACGACGCTCTTCCGATCT' and 'GTGACTGGAGTTCAGACGTGTGCTCTTCCGATCT'
ILLUMINACLIP: Using 1 prefix pairs, 0 forward/reverse sequences, 0 forward only sequences, 0 reverse only sequences
Quality encoding detected as phred33
Input Read Pairs: 27668062 Both Surviving: 25779302 (93.17%) Forward Only Surviving: 995440 (3.60%) Reverse Only Surviving: 552358 (2.00%) Dropped: 340962 (1.23%)
TrimmomaticPE: Completed successfully
Picked up _JAVA_OPTIONS: -Xmx24g
TrimmomaticPE: Started with arguments:
 -threads 8 /home/uranus/QBio304 - Applied Bioinformatics/student-work/scripts/../data/CRR240993_f1.fastq.gz /home/uranus/QBio304 - Applied Bioinformatics/student-work/scripts/../data/CRR240993_r2.fastq.gz /home/uranus/QBio304 - Applied Bioinformatics/student-work/scripts/../data/CRR240993_f1.trim.p.fastq.gz /home/uranus/QBio304 - Applied Bioinformatics/student-work/scripts/../data/CRR240993_f1.trim.u.fastq.gz /home/uranus/QBio304 - Applied Bioinformatics/student-work/scripts/../data/CRR240993_r2.trim.p.fastq.gz /home/uranus/QBio304 - Applied Bioinformatics/student-work/scripts/../data/CRR240993_r2.trim.u.fastq.gz ILLUMINACLIP:adapters/TruSeq3-PE.fa:2:30:10:2:True HEADCROP:12 LEADING:3 TRAILING:3 SLIDINGWINDOW:4:15 MINLEN:100
Using PrefixPair: 'TACACTCTTTCCCTACACGACGCTCTTCCGATCT' and 'GTGACTGGAGTTCAGACGTGTGCTCTTCCGATCT'
ILLUMINACLIP: Using 1 prefix pairs, 0 forward/reverse sequences, 0 forward only sequences, 0 reverse only sequences
Quality encoding detected as phred33
Input Read Pairs: 25383309 Both Surviving: 23651433 (93.18%) Forward Only Surviving: 953638 (3.76%) Reverse Only Surviving: 470171 (1.85%) Dropped: 308067 (1.21%)
TrimmomaticPE: Completed successfully